TN:
SF:src/app.ts
FNF:0
FNH:0
DA:7,1
DA:8,1
DA:9,1
DA:11,1
DA:12,1
LF:5
LH:5
BRF:0
BRH:0
end_of_record
TN:
SF:src/database.ts
FNF:0
FNH:0
DA:3,1
DA:4,1
LF:2
LH:2
BRF:0
BRH:0
end_of_record
TN:
SF:src/controllers/recommendationController.ts
FN:6,insert
FN:18,upvote
FN:26,downvote
FN:34,random
FN:40,get
FN:45,getTop
FN:52,getById
FNF:7
FNH:7
FNDA:1,insert
FNDA:1,upvote
FNDA:1,downvote
FNDA:1,random
FNDA:1,get
FNDA:1,getTop
FNDA:1,getById
DA:7,1
DA:8,1
DA:9,0
DA:10,0
DA:13,1
DA:15,1
DA:19,1
DA:21,1
DA:23,1
DA:27,1
DA:29,1
DA:31,1
DA:35,1
DA:37,1
DA:41,1
DA:42,1
DA:46,1
DA:48,1
DA:49,1
DA:53,1
DA:55,1
DA:56,1
DA:59,1
LF:23
LH:21
BRDA:8,0,0,0
BRF:1
BRH:0
end_of_record
TN:
SF:src/middlewares/errorHandlerMiddleware.ts
FN:8,errorHandlerMiddleware
FNF:1
FNH:0
FNDA:0,errorHandlerMiddleware
DA:14,0
DA:16,0
DA:17,0
DA:20,0
LF:4
LH:0
BRDA:16,0,0,0
BRF:1
BRH:0
end_of_record
TN:
SF:src/repositories/recommendationRepository.ts
FN:5,create
FN:16,findAll
FN:26,getAmountByScore
FN:33,getFindAllFilter
FN:45,find
FN:51,findByName
FN:57,updateScore
FN:66,remove
FNF:8
FNH:7
FNDA:1,create
FNDA:3,findAll
FNDA:1,getAmountByScore
FNDA:3,getFindAllFilter
FNDA:3,find
FNDA:1,findByName
FNDA:2,updateScore
FNDA:0,remove
DA:6,1
DA:17,3
DA:19,3
DA:27,1
DA:36,3
DA:38,1
DA:40,1
DA:46,3
DA:52,1
DA:58,2
DA:67,0
DA:72,1
LF:12
LH:11
BRDA:36,0,0,2
BRF:1
BRH:1
end_of_record
TN:
SF:src/routers/recommendationRouter.ts
FNF:0
FNH:0
DA:4,1
DA:6,1
DA:7,1
DA:8,1
DA:9,1
DA:10,1
DA:11,1
DA:12,1
LF:8
LH:8
BRF:0
BRH:0
end_of_record
TN:
SF:src/schemas/recommendationsSchemas.ts
FNF:0
FNH:0
DA:4,1
DA:6,1
LF:2
LH:2
BRF:0
BRH:0
end_of_record
TN:
SF:src/services/recommendationsService.ts
FN:7,insert
FN:17,upvote
FN:23,downvote
FN:36,getByIdOrFail
FN:43,get
FN:47,getTop
FN:51,getRandom
FN:64,getByScore
FN:77,getScoreFilter
FNF:9
FNH:9
FNDA:1,insert
FNDA:1,upvote
FNDA:1,downvote
FNDA:3,getByIdOrFail
FNDA:1,get
FNDA:1,getTop
FNDA:1,getRandom
FNDA:1,getByScore
FNDA:1,getScoreFilter
DA:8,1
DA:11,1
DA:12,0
DA:14,1
DA:18,1
DA:20,1
DA:24,1
DA:26,1
DA:31,1
DA:32,0
DA:37,3
DA:38,3
DA:40,3
DA:44,1
DA:48,1
DA:52,1
DA:53,1
DA:55,1
DA:56,1
DA:57,0
DA:60,1
DA:61,1
DA:65,1
DA:70,1
DA:71,0
DA:74,1
DA:78,1
DA:79,1
DA:82,0
DA:85,1
LF:30
LH:25
BRDA:11,0,0,0
BRDA:31,1,0,0
BRDA:38,2,0,0
BRDA:56,3,0,0
BRDA:70,4,0,0
BRDA:78,5,0,1
BRF:6
BRH:1
end_of_record
TN:
SF:src/utils/errorUtils.ts
FN:7,isAppError
FN:11,errorTypeToStatusCode
FN:19,conflictError
FN:23,notFoundError
FN:27,unauthorizedError
FN:31,wrongSchemaError
FNF:6
FNH:0
FNDA:0,isAppError
FNDA:0,errorTypeToStatusCode
FNDA:0,conflictError
FNDA:0,notFoundError
FNDA:0,unauthorizedError
FNDA:0,wrongSchemaError
DA:8,0
DA:12,0
DA:13,0
DA:14,0
DA:15,0
DA:16,0
DA:20,0
DA:24,0
DA:28,0
DA:32,0
LF:10
LH:0
BRDA:12,0,0,0
BRDA:13,1,0,0
BRDA:14,2,0,0
BRDA:15,3,0,0
BRDA:20,4,0,0
BRDA:20,4,1,0
BRDA:20,5,0,0
BRDA:20,5,1,0
BRDA:24,6,0,0
BRDA:24,6,1,0
BRDA:24,7,0,0
BRDA:24,7,1,0
BRDA:28,8,0,0
BRDA:28,8,1,0
BRDA:28,9,0,0
BRDA:28,9,1,0
BRDA:32,10,0,0
BRDA:32,10,1,0
BRDA:32,11,0,0
BRDA:32,11,1,0
BRF:20
BRH:0
end_of_record
TN:
SF:tests/factories/recommendationFactory.ts
FN:8,createYoutubeLink
FN:15,randomNumber
FN:20,findId
FNF:3
FNH:3
FNDA:1,createYoutubeLink
FNDA:1,randomNumber
FNDA:3,findId
DA:5,1
DA:6,1
DA:9,1
DA:16,1
DA:17,1
DA:21,3
DA:24,3
DA:25,3
DA:28,1
LF:9
LH:9
BRF:0
BRH:0
end_of_record
